number,values_0,values_1,params_dropout,params_ff_multiplier,params_head_dim,params_learning_rate,params_model_head_pair,params_n_layers,params_patch_size,params_rr_dim,params_transformer_dropout,params_weight_decay,user_attrs_F1_F_mean,user_attrs_F1_F_std,user_attrs_F1_N_mean,user_attrs_F1_N_std,user_attrs_F1_S_mean,user_attrs_F1_S_std,user_attrs_F1_V_mean,user_attrs_F1_V_std,user_attrs_Macro_F1_mean,user_attrs_Macro_F1_std,user_attrs_Min_Rare_F1_mean,user_attrs_Min_Rare_F1_std,user_attrs_Precision_F_mean,user_attrs_Precision_F_std,user_attrs_Precision_S_mean,user_attrs_Precision_S_std,user_attrs_Rare_Macro_SF_mean,user_attrs_Rare_Macro_SF_std,user_attrs_Recall_F_mean,user_attrs_Recall_F_std,user_attrs_Recall_S_mean,user_attrs_Recall_S_std,user_attrs_best_epoch_mean,user_attrs_domain,user_attrs_model_id,user_attrs_n_parameters,user_attrs_time_s,state
0,0.22153847143235939,0.48813107062358085,0.30000000000000004,2,64,0.0012902804736226996,96x4,5,16,32,0.4,2.4670964635211015e-06,0.028283850652271705,0.015824814378781256,0.9639250226228078,0.0038654228786199063,0.4147930922124471,0.07234653935893644,0.5455223170067969,0.019661499651302095,0.48813107062358085,0.016161107801948946,0.028283850652271705,0.015824814378781256,0.016244534901251318,0.008688256093276588,0.8006907308377897,0.08775812770073688,0.22153847143235939,0.044085676868858836,0.1111111111111111,0.07856742013183861,0.28534031413612565,0.07774472463307593,9.5,STFT_2D,VIT2D,413796,104.09792041778564,COMPLETE
1,,,0.4,2,128,,80x4,2,16,16,0.4,,,,,,,,,,,,,,,,,,,,,,,,,,,143172,,PRUNED
2,,,0.30000000000000004,2,128,,64x4,5,32,32,0.30000000000000004,,,,,,,,,,,,,,,,,,,,,,,,,,,247332,,PRUNED
3,,,0.2,4,128,,112x4,4,16,16,0.4,,,,,,,,,,,,,,,,,,,,,,,,,,,661444,,PRUNED
4,,,0.30000000000000004,2,64,,96x8,2,16,32,0.1,,,,,,,,,,,,,,,,,,,,,,,,,,,189444,,PRUNED
5,0.20018629204161587,0.5347037584566787,0.4,4,128,0.0027045527347902276,96x4,3,32,16,0.1,2.4262996595965226e-05,0.01680672268907563,0.02376829516593437,0.9846845822047314,0.004201296247753393,0.38356586139415616,0.0608799422664408,0.7537578675387517,0.044548878734208035,0.5347037584566787,0.01107516373648012,0.01680672268907563,0.02376829516593437,0.009900990099009901,0.014002114478941535,0.9041879372282094,0.08375919803618304,0.20018629204161587,0.04232411871618758,0.05555555555555555,0.07856742013183861,0.24607329842931935,0.05553194616648279,6.0,STFT_2D,VIT2D,450900,66.71651434898376,COMPLETE
6,,,0.5,4,128,,112x8,5,16,32,0.2,,,,,,,,,,,,,,,,,,,,,,,,,,,815556,,PRUNED
7,,,0.5,2,128,,64x4,5,32,32,0.4,,,,,,,,,,,,,,,,,,,,,,,,,,,247332,,PRUNED
8,0.07095343680709534,0.46805834088676446,0.4,4,128,0.0016795314660724909,64x4,5,32,32,0.2,0.00041800024229676015,0.0,0.0,0.9772919770918453,0.0012935405738012816,0.1419068736141907,0.20068662525915318,0.7530345128410219,0.011060512657843953,0.46805834088676446,0.04772991329377759,0.0,0.0,0.0,0.0,0.463768115942029,0.6558671593614354,0.07095343680709534,0.10034331262957659,0.0,0.0,0.08376963350785341,0.11846815182182996,2.0,STFT_2D,VIT2D,329892,56.8902006149292,COMPLETE
9,,,0.4,2,64,,112x8,5,32,32,0.30000000000000004,,,,,,,,,,,,,,,,,,,,,,,,,,,634660,,PRUNED
10,0.08367964451223724,0.32621506922966065,0.6,4,64,0.0003864209538592966,96x4,2,32,16,0.2,7.253123304478706e-07,0.07565982404692081,0.02986022770993045,0.8523177476385063,0.052042712202533745,0.09169946497755366,0.04184327533342078,0.2851832402556619,0.014082359008447903,0.32621506922966065,0.001394607958092376,0.07565982404692081,0.02986022770993045,0.05039525691699605,0.025153996168691413,0.13176916283177614,0.02368198000487647,0.08367964451223724,0.035851751521675614,0.16666666666666666,0.0,0.08376963350785341,0.06293620565534716,6.0,STFT_2D,VIT2D,331572,64.74267625808716,COMPLETE
11,,,0.5,4,128,,64x4,4,16,16,0.1,,,,,,,,,,,,,,,,,,,,,,,,,,,231700,,PRUNED
12,0.1843594478788593,0.37267598792757645,0.4,4,128,0.00022512293751966175,112x4,3,16,32,0.4,9.768489296134146e-05,0.08644688644688645,0.09531695805005477,0.8547908813760574,0.012547697648916683,0.2822720093108322,0.011821362847835661,0.2671941745765298,0.056506912915489746,0.37267598792757645,0.009884094983911558,0.08644688644688645,0.09531695805005477,0.051377807955638545,0.058895557172330554,0.6733496999454447,0.18998913788018257,0.1843594478788593,0.041747797601109554,0.4444444444444444,0.0,0.1819371727748691,0.024063843338809194,9.0,STFT_2D,VIT2D,511588,85.82653164863586,COMPLETE
13,,,0.4,4,64,,96x4,5,16,32,0.0,,,,,,,,,,,,,,,,,,,,,,,,,,,599076,,PRUNED
14,0.21748497570031605,0.5083933240009422,0.6,2,128,0.002383247604301135,112x8,3,32,32,0.4,3.1422548350216698e-06,0.037037037037037035,0.05237828008789241,0.9737692426486424,0.004472536953125533,0.39793291436359507,0.05123806993227271,0.6248341019544938,0.06497998926345974,0.5083933240009422,0.008540955950894961,0.037037037037037035,0.05237828008789241,0.023809523809523808,0.03367175148507369,0.8218434343434344,0.20373960538733604,0.21748497570031605,0.05180817501008258,0.08333333333333333,0.11785113019775792,0.2709424083769634,0.06848940027199543,6.5,STFT_2D,VIT2D,441028,72.97879409790039,COMPLETE
15,0.14384978179206717,0.48512891539714753,0.30000000000000004,2,128,0.00186362927583374,96x8,4,32,16,0.30000000000000004,1.7298609073191153e-05,0.0,0.0,0.9763552058545375,0.014982302334548593,0.28769956358413434,0.20343187095745727,0.6764608921499182,0.04912629473381273,0.48512891539714753,0.06688511700645465,0.0,0.0,0.0,0.0,0.5663265306122449,0.09379987913699103,0.14384978179206717,0.10171593547872863,0.0,0.0,0.23036649214659685,0.2110213954326346,8.5,STFT_2D,VIT2D,414516,91.1802134513855,COMPLETE
16,0.2490028390090128,0.4001109241211357,0.2,4,128,0.0002569345003729875,80x4,5,16,32,0.30000000000000004,4.2948830588056715e-07,0.13157894736842105,0.1860807318911967,0.8530234958675331,0.03168203585451386,0.3664267306496045,0.019429255908902585,0.24941452259898422,0.012184892043164702,0.4001109241211357,0.04041076497560517,0.13157894736842105,0.1860807318911967,0.125,0.1767766952966369,0.9449562957713206,0.06080483542449873,0.2490028390090128,0.10275499390004965,0.1388888888888889,0.19641855032959654,0.22774869109947643,0.01851064872216093,5.0,STFT_2D,VIT2D,430340,71.96041297912598,COMPLETE
17,,,0.4,4,128,,96x8,4,32,16,0.1,,,,,,,,,,,,,,,,,,,,,,,,,,,562740,,PRUNED
18,,,0.4,2,128,,80x4,3,16,32,0.0,,,,,,,,,,,,,,,,,,,,,,,,,,,197380,,PRUNED
19,,,0.30000000000000004,4,64,,96x4,5,16,32,0.2,,,,,,,,,,,,,,,,,,,,,,,,,,,599076,,PRUNED
20,,,0.4,4,64,,96x4,5,32,16,0.0,,,,,,,,,,,,,,,,,,,,,,,,,,,667092,,PRUNED
21,,,0.2,4,128,,80x4,2,16,32,0.2,,,,,,,,,,,,,,,,,,,,,,,,,,,196820,,PRUNED
22,0.10280947123052386,0.36983067646886647,0.6,2,128,0.0010186273239298686,96x4,4,32,16,0.2,3.258416056020115e-07,0.09090909090909091,0.128564869306645,0.8880896205395807,0.0667461951729669,0.11470985155195682,0.16222422780258175,0.3856141428748373,0.1330354591045873,0.36983067646886647,0.02275186070791815,0.09090909090909091,0.128564869306645,0.1,0.14142135623730953,0.11838440111420613,0.16742082562912686,0.10280947123052386,0.1453945485546134,0.08333333333333333,0.11785113019775792,0.11125654450261781,0.15734051413836792,6.0,STFT_2D,VIT2D,414516,72.17661166191101,COMPLETE
23,,,0.6,2,64,,112x4,5,16,32,0.1,,,,,,,,,,,,,,,,,,,,,,,,,,,554020,,PRUNED
24,0.20372755016030553,0.4062185707588568,0.30000000000000004,4,128,0.0006322475943664344,96x4,4,16,32,0.1,1.0666846440846782e-06,0.04608348968105066,0.05721196986617235,0.8413455532366959,0.029850209759005795,0.36137161063956036,0.08103880443553933,0.3760736294781203,0.2064284894034971,0.4062185707588568,0.0650263834329674,0.04608348968105066,0.05721196986617235,0.02510332121694966,0.031487606155212344,0.6641009595327493,0.24210368599073828,0.20372755016030553,0.011913417284683498,0.41666666666666663,0.11785113019775793,0.274869109947644,0.12587241131069435,7.5,STFT_2D,VIT2D,495748,82.45277523994446,COMPLETE
25,0.1734712442029515,0.34074201711352486,0.30000000000000004,2,128,0.00017846962946653435,112x4,4,16,16,0.30000000000000004,0.00017654491739063966,0.12804138950480415,0.1617617819015966,0.7907347070019182,0.03970069753894367,0.21890109890109888,0.029838352085234533,0.22529087304627812,0.011828487461795066,0.34074201711352486,0.03994890997337766,0.10573036719378183,0.13020923155894013,0.13680900364117843,0.1836464682287207,0.41719353705655077,0.28177472541487114,0.1734712442029515,0.06596171490818102,0.3055555555555556,0.11785113019775793,0.19240837696335078,0.1055106977163173,7.0,STFT_2D,VIT2D,459844,82.64140844345093,COMPLETE
26,0.09366476682392785,0.32638584336272186,0.30000000000000004,2,64,0.0004275671522602513,96x4,2,32,16,0.0,1.7882479263329458e-05,0.08095916429249762,0.060100718818799616,0.8489317954325952,0.06834549902668074,0.1063703693553581,0.07379815697647032,0.26928204437043635,0.054982834560678005,0.32638584336272186,0.027407723857422062,0.046324365289882534,0.011119716339235213,0.05020885547201336,0.04123312725716041,0.3137363996043521,0.20449094475708884,0.09366476682392785,0.006848719078835357,0.25,0.039283710065919325,0.08900523560209424,0.08514898412194027,4.5,STFT_2D,VIT2D,257460,56.47983145713806,COMPLETE
27,,,0.2,4,128,,80x4,2,16,16,0.2,,,,,,,,,,,,,,,,,,,,,,,,,,,194692,,PRUNED
28,,,0.4,2,64,,80x4,4,16,32,0.4,,,,,,,,,,,,,,,,,,,,,,,,,,,241972,,PRUNED
29,0.1119061600180183,0.34710257624391905,0.4,2,128,0.00037700974790401724,96x8,2,32,16,0.2,3.232868428442649e-05,0.08738277919863598,0.040388878379794275,0.8742846097008672,0.02640496513216332,0.13642954083740064,0.06466716796982909,0.29031337523877243,0.009092952952434011,0.34710257624391905,0.002804907123640621,0.07476323862878484,0.022542152954993313,0.05534471853257432,0.032649459219872216,0.32654280747501085,0.017593160896536217,0.1119061600180183,0.012139144795017404,0.2777777777777778,0.07856742013183861,0.09031413612565445,0.053680881294266694,9.0,STFT_2D,VIT2D,264948,79.14982533454895,COMPLETE
30,,,0.4,4,64,,112x8,5,32,16,0.1,,,,,,,,,,,,,,,,,,,,,,,,,,,885556,,PRUNED
31,0.0,0.37832486196338744,0.5,4,64,0.0014299399985350596,96x8,3,32,16,0.0,3.346801209871424e-05,0.0,0.0,0.9502699738080391,0.026152916058839053,0.0,0.0,0.5630294740455107,0.12786091423867132,0.37832486196338744,0.03850345757437759,0.0,0.0,0.0,0.0,0.0,0.0,0.0,0.0,0.0,0.0,0.0,0.0,2.0,STFT_2D,VIT2D,443412,48.052534341812134,COMPLETE
32,0.1600775080521916,0.34977820847966823,0.4,2,64,0.00013572915538349707,96x8,3,16,32,0.0,1.5669413899053796e-06,0.17692750287686998,0.0711988991413382,0.8422783608059173,0.03633471280184006,0.14322751322751323,0.13790452885997956,0.23667945700837242,0.015901959477264926,0.34977820847966823,0.011568219098516562,0.08614828209764919,0.0571823060662973,0.1371374527112232,0.07802250107669977,0.1885745833114254,0.1480094692625083,0.1600775080521916,0.03335281485932067,0.2777777777777778,0.0,0.11780104712041885,0.12217028156626214,12.0,STFT_2D,VIT2D,264228,100.8829562664032,COMPLETE
33,0.037577080302085494,0.31536825675244223,0.6,2,64,0.00018746153242959413,112x8,4,32,16,0.2,3.2700678182176306e-05,0.027450980392156862,0.038821548771026136,0.8758319316411922,0.013895976871570652,0.04770318021201413,0.06746248442415824,0.31048693476440575,0.028932863492723192,0.31536825675244223,0.022811786643507966,0.027450980392156862,0.038821548771026136,0.014767932489451477,0.020885010414792543,0.07336956521739131,0.10376023419585209,0.037577080302085494,0.053142016597592184,0.19444444444444445,0.27498597046143514,0.03534031413612566,0.04997875154983451,4.0,STFT_2D,VIT2D,531972,62.534363985061646,COMPLETE
34,,,0.6,4,64,,112x4,4,16,32,0.0,,,,,,,,,,,,,,,,,,,,,,,,,,,654036,,PRUNED
35,0.12140329984886429,0.4745514112012055,0.5,4,64,0.0015451786399415166,64x4,4,32,32,0.30000000000000004,6.680947088924947e-05,0.061855670103092786,0.08747712756946979,0.9744609071400423,0.0028594312751187376,0.1809509295946358,0.22659313311171475,0.6809381379670513,0.038445553141282535,0.4745514112012055,0.06962103470375518,0.061855670103092786,0.08747712756946979,0.0379746835443038,0.053704312495180824,0.83984375,0.226495140848816,0.12140329984886429,0.15703513034059227,0.16666666666666666,0.23570226039551584,0.11910994764397906,0.1536383843939357,8.0,STFT_2D,VIT2D,273444,83.26360034942627,COMPLETE
36,,,0.30000000000000004,2,128,,64x4,5,16,16,0.30000000000000004,,,,,,,,,,,,,,,,,,,,,,,,,,,199124,,PRUNED
37,0.1059353025764867,0.3364024572005355,0.5,2,128,0.0003949957381116206,80x4,5,32,32,0.30000000000000004,0.0008061355529169487,0.10878378378378378,0.058288531962674854,0.8491664310591142,0.0817287684303129,0.10308682136918962,0.0005111738460106598,0.2845727925900546,0.030852757928550915,0.3364024572005355,0.013701042060549931,0.08514646722193892,0.024860318302807678,0.08741258741258741,0.06922723731896269,0.18917363124680198,0.14638424964440935,0.1059353025764867,0.02888867905833209,0.2222222222222222,0.07856742013183864,0.09554973821989529,0.046276621805402325,6.0,STFT_2D,VIT2D,359140,76.95624542236328,COMPLETE
38,0.23839226051677415,0.3946163554203186,0.5,4,128,0.0008672161426438575,64x4,5,16,16,0.30000000000000004,1.521356211949832e-06,0.08031158796480987,0.09053556074654223,0.8492929543447575,0.046341014322877544,0.39647293306873843,0.05241768319617002,0.25238794630296857,0.03220346625386664,0.3946163554203186,0.010106650756592998,0.08031158796480987,0.09053556074654223,0.04853212727807959,0.056675269881277864,0.9623600698367054,0.040013950542650466,0.23839226051677415,0.019058938775186107,0.3055555555555556,0.11785113019775793,0.25,0.038872362316537956,7.0,STFT_2D,VIT2D,281684,87.54079484939575,COMPLETE
39,0.18118705062049942,0.35736365344025445,0.2,4,64,0.00012331838239138809,112x4,3,16,32,0.2,1.7835979540374917e-05,0.08699633699633699,0.022016145201778952,0.820488891520421,0.006169987320641256,0.2753777642446618,0.005221280993803153,0.24659162099959775,0.021346426249601206,0.35736365344025445,0.0004046063197540061,0.08699633699633699,0.022016145201778952,0.0803030303030303,0.027855721683106422,0.5438600700609434,0.2565590658165692,0.18118705062049942,0.0083974321039879,0.19444444444444442,0.19641855032959654,0.1950261780104712,0.031468102827673594,6.5,STFT_2D,VIT2D,502052,72.24625611305237,COMPLETE
